Determining if the Fortran NCCRE exists failed with the following output:
Change Dir: /pf/a/a270058/fesom-1.4/build/CMakeFiles/CMakeTmp

Run Build Command:"/usr/bin/gmake" "cmTC_0606b/fast"
/usr/bin/gmake -f CMakeFiles/cmTC_0606b.dir/build.make CMakeFiles/cmTC_0606b.dir/build
gmake[1]: Entering directory `/mnt/lustre01/pf/a/a270058/fesom-1.4/build/CMakeFiles/CMakeTmp'
Building Fortran object CMakeFiles/cmTC_0606b.dir/testFortranCompiler.f.o
/opt/mpi/bullxmpi_mlx/1.2.8.3/bin/mpif90     -c /pf/a/a270058/fesom-1.4/build/CMakeFiles/CMakeTmp/testFortranCompiler.f -o CMakeFiles/cmTC_0606b.dir/testFortranCompiler.f.o
Linking Fortran executable cmTC_0606b
/sw/rhel6-x64/devtools/cmake-3.5.2-gcc48/bin/cmake -E cmake_link_script CMakeFiles/cmTC_0606b.dir/link.txt --verbose=1
/opt/mpi/bullxmpi_mlx/1.2.8.3/bin/mpif90       CMakeFiles/cmTC_0606b.dir/testFortranCompiler.f.o  -o cmTC_0606b 
CMakeFiles/cmTC_0606b.dir/testFortranCompiler.f.o: In function `MAIN__':
testFortranCompiler.f:(.text+0x37): undefined reference to `nccre_'
gmake[1]: *** [cmTC_0606b] Error 1
gmake[1]: Leaving directory `/mnt/lustre01/pf/a/a270058/fesom-1.4/build/CMakeFiles/CMakeTmp'
gmake: *** [cmTC_0606b/fast] Error 2


Determining if the function nc__create exists failed with the following output:
Change Dir: /pf/a/a270058/fesom-1.4/build/CMakeFiles/CMakeTmp

Run Build Command:"/usr/bin/gmake" "cmTC_00576/fast"
/usr/bin/gmake -f CMakeFiles/cmTC_00576.dir/build.make CMakeFiles/cmTC_00576.dir/build
gmake[1]: Entering directory `/mnt/lustre01/pf/a/a270058/fesom-1.4/build/CMakeFiles/CMakeTmp'
Building C object CMakeFiles/cmTC_00576.dir/CheckFunctionExists.c.o
/opt/mpi/bullxmpi_mlx/1.2.8.3/bin/mpicc    -DCHECK_FUNCTION_EXISTS=nc__create   -o CMakeFiles/cmTC_00576.dir/CheckFunctionExists.c.o   -c /sw/rhel6-x64/devtools/cmake-3.5.2-gcc48/share/cmake-3.5/Modules/CheckFunctionExists.c
Linking C executable cmTC_00576
/sw/rhel6-x64/devtools/cmake-3.5.2-gcc48/bin/cmake -E cmake_link_script CMakeFiles/cmTC_00576.dir/link.txt --verbose=1
/opt/mpi/bullxmpi_mlx/1.2.8.3/bin/mpicc   -DCHECK_FUNCTION_EXISTS=nc__create    CMakeFiles/cmTC_00576.dir/CheckFunctionExists.c.o  -o cmTC_00576 
CMakeFiles/cmTC_00576.dir/CheckFunctionExists.c.o: In function `main':
CheckFunctionExists.c:(.text+0x32): undefined reference to `nc__create'
gmake[1]: *** [cmTC_00576] Error 1
gmake[1]: Leaving directory `/mnt/lustre01/pf/a/a270058/fesom-1.4/build/CMakeFiles/CMakeTmp'
gmake: *** [cmTC_00576/fast] Error 2


Performing C SOURCE FILE Test BLAS_C_COMPILER_WRAPPER failed with the following output:
Change Dir: /pf/a/a270058/fesom-1.4/build/CMakeFiles/CMakeTmp

Run Build Command:"/usr/bin/gmake" "cmTC_9c7f6/fast"
/usr/bin/gmake -f CMakeFiles/cmTC_9c7f6.dir/build.make CMakeFiles/cmTC_9c7f6.dir/build
gmake[1]: Entering directory `/mnt/lustre01/pf/a/a270058/fesom-1.4/build/CMakeFiles/CMakeTmp'
Building C object CMakeFiles/cmTC_9c7f6.dir/src.c.o
/opt/mpi/bullxmpi_mlx/1.2.8.3/bin/mpicc    -DBLAS_C_COMPILER_WRAPPER -c   -o CMakeFiles/cmTC_9c7f6.dir/src.c.o   -c /pf/a/a270058/fesom-1.4/build/CMakeFiles/CMakeTmp/src.c
/pf/a/a270058/fesom-1.4/build/CMakeFiles/CMakeTmp/src.c(1): catastrophic error: cannot open source file "cblas.h"
  	#include <cblas.h>
  	                  ^

compilation aborted for /pf/a/a270058/fesom-1.4/build/CMakeFiles/CMakeTmp/src.c (code 4)
gmake[1]: *** [CMakeFiles/cmTC_9c7f6.dir/src.c.o] Error 4
gmake[1]: Leaving directory `/mnt/lustre01/pf/a/a270058/fesom-1.4/build/CMakeFiles/CMakeTmp'
gmake: *** [cmTC_9c7f6/fast] Error 2

Source file was:
	#include <cblas.h>
	typedef void (*foo)(const enum CBLAS_ORDER, const enum CBLAS_TRANSPOSE,
		const enum CBLAS_TRANSPOSE, const int, const int,
		const int, const float, const float *,
		const int, const float *, const int,
		const float, float *, const int);
	foo func = &cblas_sgemm;

